TN:
SF:src\modules\appointments\services\CreateAppointmentService.ts
FN:90,__decorate
FN:90,__metadata
FN:90,__param
FN:90,__awaiter
FN:90,adopt
FN:90,fulfilled
FN:90,rejected
FN:90,step
FN:90,__generator
FN:90,sent
FN:90,g.<computed>
FN:90,verb
FN:90,step
FN:90,__importDefault
FN:26,CreateAppointmentService
FN:37,CreateAppointmentService.execute
FNF:16
FNH:14
FNDA:1,__decorate
FNDA:1,__metadata
FNDA:3,__param
FNDA:7,__awaiter
FNDA:8,adopt
FNDA:8,fulfilled
FNDA:0,rejected
FNDA:10,step
FNDA:7,__generator
FNDA:8,sent
FNDA:0,g.<computed>
FNDA:21,verb
FNDA:15,step
FNDA:1,__importDefault
FNDA:5,CreateAppointmentService
FNDA:7,CreateAppointmentService.execute
DA:1,1
DA:2,1
DA:3,1
DA:4,1
DA:5,1
DA:6,1
DA:7,1
DA:8,1
DA:9,1
DA:10,1
DA:11,1
DA:12,1
DA:13,1
DA:14,1
DA:15,1
DA:16,1
DA:17,1
DA:18,1
DA:19,1
DA:20,1
DA:21,1
DA:22,1
DA:23,1
DA:24,1
DA:25,1
DA:26,1
DA:27,5
DA:28,5
DA:29,5
DA:30,5
DA:31,5
DA:32,5
DA:33,5
DA:34,5
DA:35,5
DA:36,1
DA:37,1
DA:38,7
DA:39,7
DA:40,7
DA:41,7
DA:42,7
DA:43,7
DA:44,7
DA:45,4
DA:46,4
DA:47,3
DA:48,7
DA:49,0
DA:50,0
DA:51,3
DA:52,7
DA:53,1
DA:54,1
DA:55,1
DA:56,1
DA:57,2
DA:58,2
DA:59,2
DA:60,2
DA:61,7
DA:62,7
DA:63,0
DA:64,0
DA:65,7
DA:66,7
DA:67,7
DA:68,7
DA:69,7
DA:70,7
DA:71,7
DA:72,7
DA:73,7
DA:74,7
DA:75,7
DA:76,7
DA:77,7
DA:78,7
DA:79,7
DA:80,7
DA:81,7
DA:82,7
DA:83,7
DA:84,7
DA:85,7
DA:86,7
DA:87,7
DA:88,1
DA:89,1
DA:90,1
LF:90
LH:86
BRDA:90,0,0,1
BRDA:90,1,0,1
BRDA:90,2,0,0
BRDA:90,3,0,0
BRDA:90,4,0,0
BRDA:90,5,0,0
BRDA:90,6,0,1
BRDA:90,7,0,3
BRDA:90,8,0,3
BRDA:90,9,0,7
BRDA:90,10,0,8
BRDA:90,11,0,0
BRDA:90,12,0,7
BRDA:90,13,0,8
BRDA:90,14,0,0
BRDA:90,15,0,10
BRDA:90,16,0,2
BRDA:90,17,0,8
BRDA:90,18,0,7
BRDA:90,19,0,8
BRDA:90,20,0,0
BRDA:90,21,0,21
BRDA:90,22,0,15
BRDA:90,23,0,15
BRDA:90,24,0,0
BRDA:90,25,0,30
BRDA:90,26,0,0
BRDA:90,27,0,0
BRDA:90,28,0,0
BRDA:90,29,0,0
BRDA:90,30,0,15
BRDA:90,31,0,15
BRDA:90,32,0,8
BRDA:90,33,0,0
BRDA:90,34,0,0
BRDA:90,35,0,7
BRDA:90,36,0,0
BRDA:90,37,0,2
BRDA:90,38,0,0
BRDA:90,39,0,0
BRDA:90,40,0,0
BRDA:90,41,0,0
BRDA:90,42,0,15
BRDA:90,43,0,10
BRDA:90,44,0,5
BRDA:90,45,0,15
BRDA:90,46,0,7
BRDA:90,47,0,5
BRDA:90,48,0,2
BRDA:90,49,0,0
BRDA:90,50,0,1
BRDA:90,51,0,0
BRDA:25,52,0,1
BRDA:26,53,0,5
BRDA:37,54,0,7
BRDA:90,55,0,7
BRDA:90,56,0,15
BRDA:90,57,0,7
BRDA:44,58,0,4
BRDA:46,59,0,3
BRDA:48,60,0,0
BRDA:50,61,0,3
BRDA:52,62,0,2
BRDA:52,63,0,1
BRDA:56,64,0,2
BRDA:90,65,0,2
BRDA:62,66,0,0
BRDA:90,67,0,2
BRDA:90,68,0,2
BRDA:90,69,0,2
BRF:70
BRH:47
end_of_record
TN:
SF:src\modules\appointments\services\ListProviderAppointmentsService.ts
FN:54,__decorate
FN:54,__metadata
FN:54,__param
FN:54,__awaiter
FN:54,adopt
FN:54,fulfilled
FN:54,rejected
FN:54,step
FN:54,__generator
FN:54,sent
FN:54,g.<computed>
FN:54,verb
FN:54,step
FN:17,ListProviderAppointmentsService
FN:25,ListProviderAppointmentsService.execute
FNF:15
FNH:9
FNDA:1,__decorate
FNDA:1,__metadata
FNDA:2,__param
FNDA:1,__awaiter
FNDA:0,adopt
FNDA:0,fulfilled
FNDA:0,rejected
FNDA:0,step
FNDA:1,__generator
FNDA:0,sent
FNDA:0,g.<computed>
FNDA:3,verb
FNDA:1,step
FNDA:1,ListProviderAppointmentsService
FNDA:1,ListProviderAppointmentsService.execute
DA:1,1
DA:2,1
DA:3,1
DA:4,1
DA:5,1
DA:6,1
DA:7,1
DA:8,1
DA:9,1
DA:10,1
DA:11,1
DA:12,1
DA:13,1
DA:14,1
DA:15,1
DA:16,1
DA:17,1
DA:18,1
DA:19,1
DA:20,1
DA:21,1
DA:22,1
DA:23,1
DA:24,1
DA:25,1
DA:26,1
DA:27,1
DA:28,1
DA:29,1
DA:30,1
DA:31,1
DA:32,1
DA:33,1
DA:34,1
DA:35,1
DA:36,1
DA:37,1
DA:38,1
DA:39,1
DA:40,1
DA:41,1
DA:42,1
DA:43,1
DA:44,1
DA:45,1
DA:46,1
DA:47,1
DA:48,1
DA:49,1
DA:50,1
DA:51,1
DA:52,1
DA:53,1
DA:54,1
LF:54
LH:54
BRDA:54,0,0,1
BRDA:54,1,0,1
BRDA:54,2,0,0
BRDA:54,3,0,0
BRDA:54,4,0,0
BRDA:54,5,0,0
BRDA:54,6,0,1
BRDA:54,7,0,2
BRDA:54,8,0,2
BRDA:54,9,0,1
BRDA:54,10,0,1
BRDA:54,11,0,1
BRDA:54,12,0,3
BRDA:54,13,0,1
BRDA:54,14,0,1
BRDA:54,15,0,0
BRDA:54,16,0,2
BRDA:54,17,0,0
BRDA:54,18,0,0
BRDA:54,19,0,0
BRDA:54,20,0,0
BRDA:54,21,0,1
BRDA:54,22,0,1
BRDA:54,23,0,0
BRDA:54,24,0,0
BRDA:54,25,0,0
BRDA:54,26,0,1
BRDA:54,27,0,0
BRDA:54,28,0,0
BRDA:54,29,0,0
BRDA:54,30,0,0
BRDA:54,31,0,0
BRDA:54,32,0,0
BRDA:54,33,0,1
BRDA:54,34,0,0
BRDA:54,35,0,1
BRDA:54,36,0,0
BRDA:54,37,0,0
BRDA:16,38,0,1
BRDA:17,39,0,1
BRDA:25,40,0,1
BRDA:54,41,0,1
BRDA:54,42,0,1
BRDA:54,43,0,0
BRDA:54,44,0,0
BRDA:54,45,0,0
BRDA:50,46,0,0
BRF:47
BRH:22
end_of_record
TN:
SF:src\modules\appointments\services\ListProviderDayAvailabilityService.ts
FN:69,__decorate
FN:69,__metadata
FN:69,__param
FN:69,__awaiter
FN:69,adopt
FN:69,fulfilled
FN:69,rejected
FN:69,step
FN:69,__generator
FN:69,sent
FN:69,g.<computed>
FN:69,verb
FN:69,step
FN:23,ListProviderDayAvailabilityService
FN:28,ListProviderDayAvailabilityService.execute
FNF:15
FNH:13
FNDA:1,__decorate
FNDA:1,__metadata
FNDA:1,__param
FNDA:1,__awaiter
FNDA:1,adopt
FNDA:1,fulfilled
FNDA:0,rejected
FNDA:2,step
FNDA:1,__generator
FNDA:1,sent
FNDA:0,g.<computed>
FNDA:3,verb
FNDA:2,step
FNDA:1,ListProviderDayAvailabilityService
FNDA:1,ListProviderDayAvailabilityService.execute
DA:1,1
DA:2,1
DA:3,1
DA:4,1
DA:5,1
DA:6,1
DA:7,1
DA:8,1
DA:9,1
DA:10,1
DA:11,1
DA:12,1
DA:13,1
DA:14,1
DA:15,1
DA:16,1
DA:17,1
DA:18,1
DA:19,1
DA:20,1
DA:21,1
DA:22,1
DA:23,1
DA:24,1
DA:25,1
DA:26,1
DA:27,1
DA:28,1
DA:29,1
DA:30,1
DA:31,1
DA:32,1
DA:33,1
DA:34,1
DA:35,1
DA:36,1
DA:37,1
DA:38,1
DA:39,1
DA:40,1
DA:41,1
DA:42,1
DA:43,1
DA:44,1
DA:45,1
DA:46,1
DA:47,1
DA:48,1
DA:49,1
DA:50,1
DA:51,1
DA:52,1
DA:53,10
DA:54,10
DA:55,10
DA:56,10
DA:57,10
DA:58,10
DA:59,10
DA:60,10
DA:61,10
DA:62,10
DA:63,1
DA:64,1
DA:65,1
DA:66,1
DA:67,1
DA:68,1
DA:69,1
LF:69
LH:69
BRDA:69,0,0,1
BRDA:69,1,0,1
BRDA:69,2,0,0
BRDA:69,3,0,0
BRDA:69,4,0,0
BRDA:69,5,0,0
BRDA:69,6,0,1
BRDA:69,7,0,1
BRDA:69,8,0,1
BRDA:69,9,0,1
BRDA:69,10,0,1
BRDA:69,11,0,0
BRDA:69,12,0,1
BRDA:69,13,0,1
BRDA:69,14,0,0
BRDA:69,15,0,2
BRDA:69,16,0,1
BRDA:69,17,0,1
BRDA:69,18,0,1
BRDA:69,19,0,1
BRDA:69,20,0,0
BRDA:69,21,0,3
BRDA:69,22,0,2
BRDA:69,23,0,2
BRDA:69,24,0,0
BRDA:69,25,0,4
BRDA:69,26,0,0
BRDA:69,27,0,0
BRDA:69,28,0,0
BRDA:69,29,0,0
BRDA:69,30,0,2
BRDA:69,31,0,2
BRDA:69,32,0,1
BRDA:69,33,0,0
BRDA:69,34,0,0
BRDA:69,35,0,1
BRDA:69,36,0,0
BRDA:69,37,0,0
BRDA:69,38,0,0
BRDA:69,39,0,0
BRDA:69,40,0,0
BRDA:69,41,0,2
BRDA:69,42,0,0
BRDA:69,43,0,2
BRDA:69,44,0,1
BRDA:69,45,0,0
BRDA:69,46,0,1
BRDA:69,47,0,0
BRDA:22,48,0,1
BRDA:23,49,0,1
BRDA:28,50,0,1
BRDA:69,51,0,1
BRDA:69,52,0,2
BRDA:34,53,0,1
BRDA:69,54,0,1
BRDA:47,55,0,10
BRDA:52,56,0,10
BRDA:61,57,0,8
BRDA:54,58,0,19
BRF:59
BRH:37
end_of_record
TN:
SF:src\modules\appointments\services\ListProviderMonthAvailabilityService.ts
FN:62,__decorate
FN:62,__metadata
FN:62,__param
FN:62,__awaiter
FN:62,adopt
FN:62,fulfilled
FN:62,rejected
FN:62,step
FN:62,__generator
FN:62,sent
FN:62,g.<computed>
FN:62,verb
FN:62,step
FN:22,ListProviderMonthAvailabilityService
FN:27,ListProviderMonthAvailabilityService.execute
FNF:15
FNH:13
FNDA:1,__decorate
FNDA:1,__metadata
FNDA:1,__param
FNDA:1,__awaiter
FNDA:1,adopt
FNDA:1,fulfilled
FNDA:0,rejected
FNDA:2,step
FNDA:1,__generator
FNDA:1,sent
FNDA:0,g.<computed>
FNDA:3,verb
FNDA:2,step
FNDA:1,ListProviderMonthAvailabilityService
FNDA:1,ListProviderMonthAvailabilityService.execute
DA:1,1
DA:2,1
DA:3,1
DA:4,1
DA:5,1
DA:6,1
DA:7,1
DA:8,1
DA:9,1
DA:10,1
DA:11,1
DA:12,1
DA:13,1
DA:14,1
DA:15,1
DA:16,1
DA:17,1
DA:18,1
DA:19,1
DA:20,1
DA:21,1
DA:22,1
DA:23,1
DA:24,1
DA:25,1
DA:26,1
DA:27,1
DA:28,1
DA:29,1
DA:30,1
DA:31,1
DA:32,1
DA:33,1
DA:34,1
DA:35,1
DA:36,1
DA:37,1
DA:38,1
DA:39,1
DA:40,1
DA:41,1
DA:42,1
DA:43,1
DA:44,1
DA:45,1
DA:46,1
DA:47,1
DA:48,31
DA:49,341
DA:50,31
DA:51,31
DA:52,31
DA:53,31
DA:54,31
DA:55,31
DA:56,1
DA:57,1
DA:58,1
DA:59,1
DA:60,1
DA:61,1
DA:62,1
LF:62
LH:62
BRDA:62,0,0,1
BRDA:62,1,0,1
BRDA:62,2,0,0
BRDA:62,3,0,0
BRDA:62,4,0,0
BRDA:62,5,0,0
BRDA:62,6,0,1
BRDA:62,7,0,1
BRDA:62,8,0,1
BRDA:62,9,0,1
BRDA:62,10,0,1
BRDA:62,11,0,0
BRDA:62,12,0,1
BRDA:62,13,0,1
BRDA:62,14,0,0
BRDA:62,15,0,2
BRDA:62,16,0,1
BRDA:62,17,0,1
BRDA:62,18,0,1
BRDA:62,19,0,1
BRDA:62,20,0,0
BRDA:62,21,0,3
BRDA:62,22,0,2
BRDA:62,23,0,2
BRDA:62,24,0,0
BRDA:62,25,0,4
BRDA:62,26,0,0
BRDA:62,27,0,0
BRDA:62,28,0,0
BRDA:62,29,0,0
BRDA:62,30,0,2
BRDA:62,31,0,2
BRDA:62,32,0,1
BRDA:62,33,0,0
BRDA:62,34,0,0
BRDA:62,35,0,1
BRDA:62,36,0,0
BRDA:62,37,0,0
BRDA:62,38,0,0
BRDA:62,39,0,0
BRDA:62,40,0,0
BRDA:62,41,0,2
BRDA:62,42,0,0
BRDA:62,43,0,2
BRDA:62,44,0,1
BRDA:62,45,0,0
BRDA:62,46,0,1
BRDA:62,47,0,0
BRDA:21,48,0,1
BRDA:22,49,0,1
BRDA:27,50,0,1
BRDA:62,51,0,1
BRDA:62,52,0,2
BRDA:32,53,0,1
BRDA:62,54,0,1
BRDA:44,55,0,31
BRDA:47,56,0,31
BRDA:48,57,0,341
BRF:58
BRH:36
end_of_record
TN:
SF:src\modules\appointments\services\ListProvidersService.ts
FN:40,__decorate
FN:40,__metadata
FN:40,__param
FN:40,__awaiter
FN:40,adopt
FN:40,fulfilled
FN:40,rejected
FN:40,step
FN:40,__generator
FN:40,sent
FN:40,g.<computed>
FN:40,verb
FN:40,step
FN:15,ListProvidersService
FN:23,ListProvidersService.execute
FNF:15
FNH:13
FNDA:1,__decorate
FNDA:1,__metadata
FNDA:2,__param
FNDA:1,__awaiter
FNDA:3,adopt
FNDA:3,fulfilled
FNDA:0,rejected
FNDA:4,step
FNDA:1,__generator
FNDA:3,sent
FNDA:0,g.<computed>
FNDA:3,verb
FNDA:4,step
FNDA:1,ListProvidersService
FNDA:1,ListProvidersService.execute
DA:1,1
DA:2,1
DA:3,1
DA:4,1
DA:5,1
DA:6,1
DA:7,1
DA:8,1
DA:9,1
DA:10,1
DA:11,1
DA:12,1
DA:13,1
DA:14,1
DA:15,1
DA:16,1
DA:17,1
DA:18,1
DA:19,1
DA:20,1
DA:21,1
DA:22,1
DA:23,1
DA:24,1
DA:25,1
DA:26,1
DA:27,1
DA:28,1
DA:29,1
DA:30,1
DA:31,1
DA:32,1
DA:33,1
DA:34,1
DA:35,1
DA:36,1
DA:37,1
DA:38,1
DA:39,1
DA:40,1
LF:40
LH:40
BRDA:40,0,0,1
BRDA:40,1,0,1
BRDA:40,2,0,0
BRDA:40,3,0,0
BRDA:40,4,0,0
BRDA:40,5,0,0
BRDA:40,6,0,1
BRDA:40,7,0,2
BRDA:40,8,0,2
BRDA:40,9,0,1
BRDA:40,10,0,3
BRDA:40,11,0,0
BRDA:40,12,0,1
BRDA:40,13,0,3
BRDA:40,14,0,0
BRDA:40,15,0,4
BRDA:40,16,0,1
BRDA:40,17,0,3
BRDA:40,18,0,1
BRDA:40,19,0,3
BRDA:40,20,0,0
BRDA:40,21,0,3
BRDA:40,22,0,4
BRDA:40,23,0,4
BRDA:40,24,0,0
BRDA:40,25,0,8
BRDA:40,26,0,0
BRDA:40,27,0,0
BRDA:40,28,0,0
BRDA:40,29,0,0
BRDA:40,30,0,4
BRDA:40,31,0,4
BRDA:40,32,0,3
BRDA:40,33,0,0
BRDA:40,34,0,0
BRDA:40,35,0,1
BRDA:40,36,0,0
BRDA:40,37,0,0
BRDA:40,38,0,0
BRDA:40,39,0,0
BRDA:40,40,0,0
BRDA:40,41,0,4
BRDA:40,42,0,0
BRDA:40,43,0,4
BRDA:40,44,0,1
BRDA:40,45,0,0
BRDA:40,46,0,1
BRDA:40,47,0,0
BRDA:14,48,0,1
BRDA:15,49,0,1
BRDA:23,50,0,1
BRDA:40,51,0,1
BRDA:40,52,0,4
BRDA:24,53,0,1
BRDA:40,54,0,1
BRDA:28,55,0,0
BRDA:40,56,0,1
BRDA:34,57,0,1
BRDA:40,58,0,1
BRF:59
BRH:36
end_of_record
TN:
SF:src\modules\users\services\AuthenticateUserService.ts
FN:66,__decorate
FN:66,__metadata
FN:66,__param
FN:66,__awaiter
FN:66,adopt
FN:66,fulfilled
FN:66,rejected
FN:66,step
FN:66,__generator
FN:66,sent
FN:66,g.<computed>
FN:66,verb
FN:66,step
FN:66,__importDefault
FN:23,AuthenticateUserService
FN:31,AuthenticateUserService.execute
FNF:16
FNH:14
FNDA:1,__decorate
FNDA:1,__metadata
FNDA:2,__param
FNDA:3,__awaiter
FNDA:5,adopt
FNDA:5,fulfilled
FNDA:0,rejected
FNDA:6,step
FNDA:3,__generator
FNDA:5,sent
FNDA:0,g.<computed>
FNDA:9,verb
FNDA:8,step
FNDA:2,__importDefault
FNDA:3,AuthenticateUserService
FNDA:3,AuthenticateUserService.execute
DA:1,1
DA:2,1
DA:3,1
DA:4,1
DA:5,1
DA:6,1
DA:7,1
DA:8,1
DA:9,1
DA:10,1
DA:11,1
DA:12,1
DA:13,1
DA:14,1
DA:15,1
DA:16,1
DA:17,1
DA:18,1
DA:19,1
DA:20,1
DA:21,1
DA:22,1
DA:23,1
DA:24,3
DA:25,3
DA:26,3
DA:27,3
DA:28,3
DA:29,3
DA:30,1
DA:31,1
DA:32,3
DA:33,3
DA:34,3
DA:35,1
DA:36,1
DA:37,2
DA:38,2
DA:39,2
DA:40,2
DA:41,2
DA:42,2
DA:43,2
DA:44,2
DA:45,3
DA:46,3
DA:47,1
DA:48,1
DA:49,1
DA:50,1
DA:51,1
DA:52,1
DA:53,1
DA:54,1
DA:55,1
DA:56,1
DA:57,1
DA:58,1
DA:59,1
DA:60,1
DA:61,1
DA:62,1
DA:63,3
DA:64,1
DA:65,1
DA:66,1
LF:66
LH:66
BRDA:66,0,0,1
BRDA:66,1,0,1
BRDA:66,2,0,0
BRDA:66,3,0,0
BRDA:66,4,0,0
BRDA:66,5,0,0
BRDA:66,6,0,1
BRDA:66,7,0,2
BRDA:66,8,0,2
BRDA:66,9,0,3
BRDA:66,10,0,5
BRDA:66,11,0,0
BRDA:66,12,0,3
BRDA:66,13,0,5
BRDA:66,14,0,3
BRDA:66,15,0,2
BRDA:66,16,0,6
BRDA:66,17,0,1
BRDA:66,18,0,5
BRDA:66,19,0,3
BRDA:66,20,0,5
BRDA:66,21,0,0
BRDA:66,22,0,9
BRDA:66,23,0,8
BRDA:66,24,0,8
BRDA:66,25,0,0
BRDA:66,26,0,16
BRDA:66,27,0,0
BRDA:66,28,0,0
BRDA:66,29,0,0
BRDA:66,30,0,0
BRDA:66,31,0,8
BRDA:66,32,0,8
BRDA:66,33,0,5
BRDA:66,34,0,0
BRDA:66,35,0,0
BRDA:66,36,0,3
BRDA:66,37,0,0
BRDA:66,38,0,1
BRDA:66,39,0,0
BRDA:66,40,0,0
BRDA:66,41,0,0
BRDA:66,42,0,0
BRDA:66,43,0,8
BRDA:66,44,0,6
BRDA:66,45,0,2
BRDA:66,46,0,8
BRDA:66,47,0,3
BRDA:66,48,0,2
BRDA:66,49,0,1
BRDA:66,50,0,0
BRDA:66,51,0,2
BRDA:66,52,0,0
BRDA:22,53,0,1
BRDA:23,54,0,3
BRDA:31,55,0,3
BRDA:66,56,0,3
BRDA:66,57,0,8
BRDA:32,58,0,3
BRDA:66,59,0,3
BRDA:34,60,0,1
BRDA:36,61,0,2
BRDA:66,62,0,2
BRDA:46,63,0,1
BRF:64
BRH:44
end_of_record
TN:
SF:src\modules\users\services\CreateUsersService.ts
FN:50,__decorate
FN:50,__metadata
FN:50,__param
FN:50,__awaiter
FN:50,adopt
FN:50,fulfilled
FN:50,rejected
FN:50,step
FN:50,__generator
FN:50,sent
FN:50,g.<computed>
FN:50,verb
FN:50,step
FN:50,__importDefault
FN:18,CreateUserService
FN:29,CreateUserService.execute
FNF:16
FNH:14
FNDA:1,__decorate
FNDA:1,__metadata
FNDA:3,__param
FNDA:3,__awaiter
FNDA:9,adopt
FNDA:9,fulfilled
FNDA:0,rejected
FNDA:11,step
FNDA:3,__generator
FNDA:9,sent
FNDA:0,g.<computed>
FNDA:9,verb
FNDA:12,step
FNDA:1,__importDefault
FNDA:2,CreateUserService
FNDA:3,CreateUserService.execute
DA:1,1
DA:2,1
DA:3,1
DA:4,1
DA:5,1
DA:6,1
DA:7,1
DA:8,1
DA:9,1
DA:10,1
DA:11,1
DA:12,1
DA:13,1
DA:14,1
DA:15,1
DA:16,1
DA:17,1
DA:18,1
DA:19,2
DA:20,2
DA:21,2
DA:22,2
DA:23,2
DA:24,2
DA:25,2
DA:26,2
DA:27,2
DA:28,1
DA:29,1
DA:30,3
DA:31,3
DA:32,3
DA:33,1
DA:34,1
DA:35,2
DA:36,2
DA:37,3
DA:38,3
DA:39,3
DA:40,3
DA:41,3
DA:42,3
DA:43,3
DA:44,3
DA:45,3
DA:46,3
DA:47,3
DA:48,1
DA:49,1
DA:50,1
LF:50
LH:50
BRDA:50,0,0,1
BRDA:50,1,0,1
BRDA:50,2,0,0
BRDA:50,3,0,0
BRDA:50,4,0,0
BRDA:50,5,0,0
BRDA:50,6,0,1
BRDA:50,7,0,3
BRDA:50,8,0,3
BRDA:50,9,0,3
BRDA:50,10,0,9
BRDA:50,11,0,0
BRDA:50,12,0,3
BRDA:50,13,0,9
BRDA:50,14,0,8
BRDA:50,15,0,1
BRDA:50,16,0,11
BRDA:50,17,0,2
BRDA:50,18,0,9
BRDA:50,19,0,3
BRDA:50,20,0,9
BRDA:50,21,0,0
BRDA:50,22,0,9
BRDA:50,23,0,12
BRDA:50,24,0,12
BRDA:50,25,0,0
BRDA:50,26,0,24
BRDA:50,27,0,0
BRDA:50,28,0,0
BRDA:50,29,0,0
BRDA:50,30,0,0
BRDA:50,31,0,12
BRDA:50,32,0,12
BRDA:50,33,0,9
BRDA:50,34,0,0
BRDA:50,35,0,0
BRDA:50,36,0,3
BRDA:50,37,0,0
BRDA:50,38,0,2
BRDA:50,39,0,0
BRDA:50,40,0,0
BRDA:50,41,0,0
BRDA:50,42,0,0
BRDA:50,43,0,12
BRDA:50,44,0,11
BRDA:50,45,0,1
BRDA:50,46,0,12
BRDA:50,47,0,3
BRDA:50,48,0,1
BRDA:50,49,0,2
BRDA:50,50,0,0
BRDA:50,51,0,1
BRDA:50,52,0,0
BRDA:17,53,0,1
BRDA:18,54,0,2
BRDA:29,55,0,3
BRDA:50,56,0,3
BRDA:50,57,0,12
BRDA:30,58,0,3
BRDA:50,59,0,3
BRDA:32,60,0,1
BRDA:34,61,0,2
BRDA:50,62,0,2
BRDA:50,63,0,2
BRDA:50,64,0,2
BRF:65
BRH:45
end_of_record
TN:
SF:src\modules\users\services\ResetPasswordService.ts
FN:55,__decorate
FN:55,__metadata
FN:55,__param
FN:55,__awaiter
FN:55,adopt
FN:55,fulfilled
FN:55,rejected
FN:55,step
FN:55,__generator
FN:55,sent
FN:55,g.<computed>
FN:55,verb
FN:55,step
FN:55,__importDefault
FN:18,ResetPasswordService
FN:29,ResetPasswordService.execute
FNF:16
FNH:14
FNDA:1,__decorate
FNDA:1,__metadata
FNDA:3,__param
FNDA:4,__awaiter
FNDA:9,adopt
FNDA:9,fulfilled
FNDA:0,rejected
FNDA:10,step
FNDA:4,__generator
FNDA:9,sent
FNDA:0,g.<computed>
FNDA:12,verb
FNDA:13,step
FNDA:1,__importDefault
FNDA:4,ResetPasswordService
FNDA:4,ResetPasswordService.execute
DA:1,1
DA:2,1
DA:3,1
DA:4,1
DA:5,1
DA:6,1
DA:7,1
DA:8,1
DA:9,1
DA:10,1
DA:11,1
DA:12,1
DA:13,1
DA:14,1
DA:15,1
DA:16,1
DA:17,1
DA:18,1
DA:19,4
DA:20,4
DA:21,4
DA:22,4
DA:23,4
DA:24,4
DA:25,4
DA:26,4
DA:27,4
DA:28,1
DA:29,1
DA:30,4
DA:31,4
DA:32,4
DA:33,1
DA:34,1
DA:35,3
DA:36,3
DA:37,4
DA:38,4
DA:39,1
DA:40,1
DA:41,2
DA:42,2
DA:43,2
DA:44,2
DA:45,4
DA:46,1
DA:47,1
DA:48,1
DA:49,1
DA:50,4
DA:51,4
DA:52,4
DA:53,1
DA:54,1
DA:55,1
LF:55
LH:55
BRDA:55,0,0,1
BRDA:55,1,0,1
BRDA:55,2,0,0
BRDA:55,3,0,0
BRDA:55,4,0,0
BRDA:55,5,0,0
BRDA:55,6,0,1
BRDA:55,7,0,3
BRDA:55,8,0,3
BRDA:55,9,0,4
BRDA:55,10,0,9
BRDA:55,11,0,0
BRDA:55,12,0,4
BRDA:55,13,0,9
BRDA:55,14,0,6
BRDA:55,15,0,3
BRDA:55,16,0,10
BRDA:55,17,0,1
BRDA:55,18,0,9
BRDA:55,19,0,4
BRDA:55,20,0,9
BRDA:55,21,0,0
BRDA:55,22,0,12
BRDA:55,23,0,13
BRDA:55,24,0,13
BRDA:55,25,0,0
BRDA:55,26,0,26
BRDA:55,27,0,0
BRDA:55,28,0,0
BRDA:55,29,0,0
BRDA:55,30,0,0
BRDA:55,31,0,13
BRDA:55,32,0,13
BRDA:55,33,0,9
BRDA:55,34,0,0
BRDA:55,35,0,0
BRDA:55,36,0,4
BRDA:55,37,0,0
BRDA:55,38,0,1
BRDA:55,39,0,0
BRDA:55,40,0,0
BRDA:55,41,0,0
BRDA:55,42,0,0
BRDA:55,43,0,13
BRDA:55,44,0,10
BRDA:55,45,0,3
BRDA:55,46,0,13
BRDA:55,47,0,4
BRDA:55,48,0,3
BRDA:55,49,0,1
BRDA:55,50,0,0
BRDA:55,51,0,1
BRDA:55,52,0,0
BRDA:17,53,0,1
BRDA:18,54,0,4
BRDA:29,55,0,4
BRDA:55,56,0,4
BRDA:55,57,0,13
BRDA:30,58,0,4
BRDA:55,59,0,4
BRDA:32,60,0,1
BRDA:34,61,0,3
BRDA:55,62,0,3
BRDA:38,63,0,1
BRDA:40,64,0,2
BRDA:45,65,0,1
BRDA:55,66,0,1
BRDA:55,67,0,1
BRF:68
BRH:48
end_of_record
TN:
SF:src\modules\users\services\SendForgotPasswordEmailService.ts
FN:61,__decorate
FN:61,__metadata
FN:61,__param
FN:61,__awaiter
FN:61,adopt
FN:61,fulfilled
FN:61,rejected
FN:61,step
FN:61,__generator
FN:61,sent
FN:61,g.<computed>
FN:61,verb
FN:61,step
FN:61,__importDefault
FN:17,SendForgotPasswordEmailService
FN:28,SendForgotPasswordEmailService.execute
FNF:16
FNH:14
FNDA:1,__decorate
FNDA:1,__metadata
FNDA:3,__param
FNDA:3,__awaiter
FNDA:7,adopt
FNDA:7,fulfilled
FNDA:0,rejected
FNDA:9,step
FNDA:3,__generator
FNDA:7,sent
FNDA:0,g.<computed>
FNDA:9,verb
FNDA:10,step
FNDA:2,__importDefault
FNDA:3,SendForgotPasswordEmailService
FNDA:3,SendForgotPasswordEmailService.execute
DA:1,1
DA:2,1
DA:3,1
DA:4,1
DA:5,1
DA:6,1
DA:7,1
DA:8,1
DA:9,1
DA:10,1
DA:11,1
DA:12,1
DA:13,1
DA:14,1
DA:15,1
DA:16,1
DA:17,1
DA:18,3
DA:19,3
DA:20,3
DA:21,3
DA:22,3
DA:23,3
DA:24,3
DA:25,3
DA:26,3
DA:27,1
DA:28,1
DA:29,3
DA:30,3
DA:31,3
DA:32,1
DA:33,1
DA:34,2
DA:35,2
DA:36,3
DA:37,3
DA:38,3
DA:39,3
DA:40,3
DA:41,3
DA:42,3
DA:43,3
DA:44,3
DA:45,3
DA:46,3
DA:47,3
DA:48,3
DA:49,3
DA:50,3
DA:51,3
DA:52,3
DA:53,3
DA:54,3
DA:55,3
DA:56,3
DA:57,3
DA:58,3
DA:59,1
DA:60,1
DA:61,1
LF:61
LH:61
BRDA:61,0,0,1
BRDA:61,1,0,1
BRDA:61,2,0,0
BRDA:61,3,0,0
BRDA:61,4,0,0
BRDA:61,5,0,0
BRDA:61,6,0,1
BRDA:61,7,0,3
BRDA:61,8,0,3
BRDA:61,9,0,3
BRDA:61,10,0,7
BRDA:61,11,0,0
BRDA:61,12,0,3
BRDA:61,13,0,7
BRDA:61,14,0,6
BRDA:61,15,0,1
BRDA:61,16,0,9
BRDA:61,17,0,2
BRDA:61,18,0,7
BRDA:61,19,0,3
BRDA:61,20,0,7
BRDA:61,21,0,0
BRDA:61,22,0,9
BRDA:61,23,0,10
BRDA:61,24,0,10
BRDA:61,25,0,0
BRDA:61,26,0,20
BRDA:61,27,0,0
BRDA:61,28,0,0
BRDA:61,29,0,0
BRDA:61,30,0,0
BRDA:61,31,0,10
BRDA:61,32,0,10
BRDA:61,33,0,7
BRDA:61,34,0,0
BRDA:61,35,0,0
BRDA:61,36,0,3
BRDA:61,37,0,0
BRDA:61,38,0,2
BRDA:61,39,0,0
BRDA:61,40,0,0
BRDA:61,41,0,0
BRDA:61,42,0,0
BRDA:61,43,0,10
BRDA:61,44,0,9
BRDA:61,45,0,1
BRDA:61,46,0,10
BRDA:61,47,0,3
BRDA:61,48,0,1
BRDA:61,49,0,2
BRDA:61,50,0,0
BRDA:61,51,0,2
BRDA:61,52,0,1
BRDA:61,53,0,1
BRDA:16,54,0,1
BRDA:17,55,0,3
BRDA:28,56,0,3
BRDA:61,57,0,3
BRDA:61,58,0,10
BRDA:29,59,0,3
BRDA:61,60,0,3
BRDA:31,61,0,1
BRDA:33,62,0,2
BRDA:61,63,0,2
BRDA:61,64,0,2
BRF:65
BRH:46
end_of_record
TN:
SF:src\modules\users\services\ShowProfileService.ts
FN:31,__decorate
FN:31,__metadata
FN:31,__param
FN:31,__awaiter
FN:31,adopt
FN:31,fulfilled
FN:31,rejected
FN:31,step
FN:31,__generator
FN:31,sent
FN:31,g.<computed>
FN:31,verb
FN:31,step
FN:31,__importDefault
FN:15,ShowProfileService
FN:20,ShowProfileService.execute
FNF:16
FNH:14
FNDA:1,__decorate
FNDA:1,__metadata
FNDA:1,__param
FNDA:2,__awaiter
FNDA:2,adopt
FNDA:2,fulfilled
FNDA:0,rejected
FNDA:3,step
FNDA:2,__generator
FNDA:2,sent
FNDA:0,g.<computed>
FNDA:6,verb
FNDA:4,step
FNDA:1,__importDefault
FNDA:2,ShowProfileService
FNDA:2,ShowProfileService.execute
DA:1,1
DA:2,1
DA:3,1
DA:4,1
DA:5,1
DA:6,1
DA:7,1
DA:8,1
DA:9,1
DA:10,1
DA:11,1
DA:12,1
DA:13,1
DA:14,1
DA:15,1
DA:16,2
DA:17,2
DA:18,2
DA:19,1
DA:20,1
DA:21,2
DA:22,2
DA:23,2
DA:24,1
DA:25,1
DA:26,1
DA:27,1
DA:28,2
DA:29,1
DA:30,1
DA:31,1
LF:31
LH:31
BRDA:31,0,0,1
BRDA:31,1,0,1
BRDA:31,2,0,0
BRDA:31,3,0,0
BRDA:31,4,0,0
BRDA:31,5,0,0
BRDA:31,6,0,1
BRDA:31,7,0,1
BRDA:31,8,0,1
BRDA:31,9,0,2
BRDA:31,10,0,2
BRDA:31,11,0,0
BRDA:31,12,0,2
BRDA:31,13,0,2
BRDA:31,14,0,1
BRDA:31,15,0,3
BRDA:31,16,0,1
BRDA:31,17,0,2
BRDA:31,18,0,2
BRDA:31,19,0,2
BRDA:31,20,0,0
BRDA:31,21,0,6
BRDA:31,22,0,4
BRDA:31,23,0,4
BRDA:31,24,0,0
BRDA:31,25,0,8
BRDA:31,26,0,0
BRDA:31,27,0,0
BRDA:31,28,0,0
BRDA:31,29,0,0
BRDA:31,30,0,4
BRDA:31,31,0,4
BRDA:31,32,0,2
BRDA:31,33,0,0
BRDA:31,34,0,0
BRDA:31,35,0,2
BRDA:31,36,0,0
BRDA:31,37,0,1
BRDA:31,38,0,0
BRDA:31,39,0,0
BRDA:31,40,0,0
BRDA:31,41,0,0
BRDA:31,42,0,4
BRDA:31,43,0,3
BRDA:31,44,0,1
BRDA:31,45,0,4
BRDA:31,46,0,2
BRDA:31,47,0,1
BRDA:31,48,0,0
BRDA:31,49,0,1
BRDA:31,50,0,0
BRDA:14,51,0,1
BRDA:15,52,0,2
BRDA:20,53,0,2
BRDA:31,54,0,2
BRDA:31,55,0,4
BRDA:21,56,0,2
BRDA:31,57,0,2
BRDA:23,58,0,1
BRF:59
BRH:39
end_of_record
TN:
SF:src\modules\users\services\UpdateProfileService.ts
FN:74,__decorate
FN:74,__metadata
FN:74,__param
FN:74,__awaiter
FN:74,adopt
FN:74,fulfilled
FN:74,rejected
FN:74,step
FN:74,__generator
FN:74,sent
FN:74,g.<computed>
FN:74,verb
FN:74,step
FN:74,__importDefault
FN:21,UpdateProfileService
FN:29,UpdateProfileService.execute
FNF:16
FNH:14
FNDA:1,__decorate
FNDA:1,__metadata
FNDA:2,__param
FNDA:6,__awaiter
FNDA:14,adopt
FNDA:14,fulfilled
FNDA:0,rejected
FNDA:16,step
FNDA:6,__generator
FNDA:14,sent
FNDA:0,g.<computed>
FNDA:18,verb
FNDA:20,step
FNDA:1,__importDefault
FNDA:6,UpdateProfileService
FNDA:6,UpdateProfileService.execute
DA:1,1
DA:2,1
DA:3,1
DA:4,1
DA:5,1
DA:6,1
DA:7,1
DA:8,1
DA:9,1
DA:10,1
DA:11,1
DA:12,1
DA:13,1
DA:14,1
DA:15,1
DA:16,1
DA:17,1
DA:18,1
DA:19,1
DA:20,1
DA:21,1
DA:22,6
DA:23,6
DA:24,6
DA:25,6
DA:26,6
DA:27,6
DA:28,1
DA:29,1
DA:30,6
DA:31,6
DA:32,6
DA:33,6
DA:34,6
DA:35,6
DA:36,6
DA:37,6
DA:38,6
DA:39,1
DA:40,1
DA:41,5
DA:42,5
DA:43,6
DA:44,6
DA:45,1
DA:46,1
DA:47,4
DA:48,4
DA:49,4
DA:50,4
DA:51,6
DA:52,1
DA:53,1
DA:54,1
DA:55,1
DA:56,3
DA:57,6
DA:58,2
DA:59,2
DA:60,2
DA:61,2
DA:62,6
DA:63,6
DA:64,1
DA:65,1
DA:66,1
DA:67,1
DA:68,6
DA:69,6
DA:70,6
DA:71,6
DA:72,1
DA:73,1
DA:74,1
LF:74
LH:74
BRDA:74,0,0,1
BRDA:74,1,0,1
BRDA:74,2,0,0
BRDA:74,3,0,0
BRDA:74,4,0,0
BRDA:74,5,0,0
BRDA:74,6,0,1
BRDA:74,7,0,2
BRDA:74,8,0,2
BRDA:74,9,0,6
BRDA:74,10,0,14
BRDA:74,11,0,0
BRDA:74,12,0,6
BRDA:74,13,0,14
BRDA:74,14,0,10
BRDA:74,15,0,4
BRDA:74,16,0,16
BRDA:74,17,0,2
BRDA:74,18,0,14
BRDA:74,19,0,6
BRDA:74,20,0,14
BRDA:74,21,0,0
BRDA:74,22,0,18
BRDA:74,23,0,20
BRDA:74,24,0,20
BRDA:74,25,0,0
BRDA:74,26,0,41
BRDA:74,27,0,0
BRDA:74,28,0,0
BRDA:74,29,0,0
BRDA:74,30,0,0
BRDA:74,31,0,20
BRDA:74,32,0,20
BRDA:74,33,0,14
BRDA:74,34,0,0
BRDA:74,35,0,0
BRDA:74,36,0,7
BRDA:74,37,0,0
BRDA:74,38,0,3
BRDA:74,39,0,6
BRDA:74,40,0,1
BRDA:74,41,0,0
BRDA:74,42,0,1
BRDA:74,43,0,0
BRDA:74,44,0,0
BRDA:74,45,0,0
BRDA:74,46,0,21
BRDA:74,47,0,17
BRDA:74,48,0,4
BRDA:74,49,0,21
BRDA:74,50,0,6
BRDA:74,51,0,4
BRDA:74,52,0,2
BRDA:74,53,0,0
BRDA:74,54,0,1
BRDA:74,55,0,0
BRDA:20,56,0,1
BRDA:21,57,0,6
BRDA:29,58,0,6
BRDA:74,59,0,6
BRDA:74,60,0,21
BRDA:36,61,0,6
BRDA:74,62,0,6
BRDA:38,63,0,1
BRDA:40,64,0,5
BRDA:74,65,0,5
BRDA:44,66,0,1
BRDA:44,67,0,1
BRDA:46,68,0,4
BRDA:51,69,0,3
BRDA:51,70,0,1
BRDA:55,71,0,3
BRDA:57,72,0,2
BRDA:57,73,0,1
BRDA:57,74,0,2
BRDA:74,75,0,2
BRDA:63,76,0,1
BRDA:74,77,0,1
BRDA:70,78,0,2
BRF:79
BRH:59
end_of_record
TN:
SF:src\modules\users\services\UpdateUserAvatarService.ts
FN:49,__decorate
FN:49,__metadata
FN:49,__param
FN:49,__awaiter
FN:49,adopt
FN:49,fulfilled
FN:49,rejected
FN:49,step
FN:49,__generator
FN:49,sent
FN:49,g.<computed>
FN:49,verb
FN:49,step
FN:49,__importDefault
FN:16,UpdateUserAvatarService
FN:24,UpdateUserAvatarService.execute
FNF:16
FNH:14
FNDA:1,__decorate
FNDA:1,__metadata
FNDA:2,__param
FNDA:4,__awaiter
FNDA:11,adopt
FNDA:11,fulfilled
FNDA:0,rejected
FNDA:14,step
FNDA:4,__generator
FNDA:11,sent
FNDA:0,g.<computed>
FNDA:12,verb
FNDA:15,step
FNDA:1,__importDefault
FNDA:3,UpdateUserAvatarService
FNDA:4,UpdateUserAvatarService.execute
DA:1,1
DA:2,1
DA:3,1
DA:4,1
DA:5,1
DA:6,1
DA:7,1
DA:8,1
DA:9,1
DA:10,1
DA:11,1
DA:12,1
DA:13,1
DA:14,1
DA:15,1
DA:16,1
DA:17,3
DA:18,3
DA:19,3
DA:20,3
DA:21,3
DA:22,3
DA:23,1
DA:24,1
DA:25,4
DA:26,4
DA:27,4
DA:28,4
DA:29,4
DA:30,4
DA:31,1
DA:32,1
DA:33,3
DA:34,3
DA:35,1
DA:36,1
DA:37,4
DA:38,4
DA:39,4
DA:40,4
DA:41,4
DA:42,4
DA:43,4
DA:44,4
DA:45,4
DA:46,4
DA:47,1
DA:48,1
DA:49,1
LF:49
LH:49
BRDA:49,0,0,1
BRDA:49,1,0,1
BRDA:49,2,0,0
BRDA:49,3,0,0
BRDA:49,4,0,0
BRDA:49,5,0,0
BRDA:49,6,0,1
BRDA:49,7,0,2
BRDA:49,8,0,2
BRDA:49,9,0,4
BRDA:49,10,0,11
BRDA:49,11,0,0
BRDA:49,12,0,4
BRDA:49,13,0,11
BRDA:49,14,0,10
BRDA:49,15,0,1
BRDA:49,16,0,14
BRDA:49,17,0,3
BRDA:49,18,0,11
BRDA:49,19,0,4
BRDA:49,20,0,11
BRDA:49,21,0,0
BRDA:49,22,0,12
BRDA:49,23,0,15
BRDA:49,24,0,15
BRDA:49,25,0,0
BRDA:49,26,0,32
BRDA:49,27,0,0
BRDA:49,28,0,0
BRDA:49,29,0,0
BRDA:49,30,0,0
BRDA:49,31,0,15
BRDA:49,32,0,15
BRDA:49,33,0,11
BRDA:49,34,0,0
BRDA:49,35,0,0
BRDA:49,36,0,6
BRDA:49,37,0,0
BRDA:49,38,0,5
BRDA:49,39,0,4
BRDA:49,40,0,2
BRDA:49,41,0,0
BRDA:49,42,0,2
BRDA:49,43,0,0
BRDA:49,44,0,0
BRDA:49,45,0,0
BRDA:49,46,0,17
BRDA:49,47,0,16
BRDA:49,48,0,1
BRDA:49,49,0,17
BRDA:49,50,0,4
BRDA:49,51,0,1
BRDA:49,52,0,3
BRDA:49,53,0,0
BRDA:49,54,0,1
BRDA:49,55,0,0
BRDA:15,56,0,1
BRDA:16,57,0,3
BRDA:24,58,0,4
BRDA:49,59,0,4
BRDA:49,60,0,17
BRDA:28,61,0,4
BRDA:49,62,0,4
BRDA:30,63,0,1
BRDA:32,64,0,3
BRDA:34,65,0,2
BRDA:34,66,0,1
BRDA:49,67,0,1
BRDA:39,68,0,3
BRDA:49,69,0,3
BRDA:49,70,0,3
BRF:71
BRH:51
end_of_record
